<?xml version="1.0" encoding="UTF-8" ?>
<testsuite tests="2" failures="0" name="com.yang.SchedulTest" time="0.101" errors="2" skipped="0">
  <properties>
[...]
</properties>
  <testcase classname="com.yang.SchedulTest" name="buySchedule" time="0.04">
    <error message="
### Error updating database.  Cause: java.sql.SQLIntegrityConstraintViolationException: Cannot add or update a child row: a foreign key constraint fails (`cinema`.`order`, CONSTRAINT `order_ibfk_2` FOREIGN KEY (`schedul_id`) REFERENCES `schedule` (`sid`) ON DELETE RESTRICT ON UPDATE RESTRICT)
### The error may exist in com/yang/dao/OrderDao.xml
### The error may involve defaultParameterMap
### The error occurred while setting parameters
### SQL: insert into  `order`(order_id,user_id,schedul_id,buying_time)         values (?,?,?,?)
### Cause: java.sql.SQLIntegrityConstraintViolationException: Cannot add or update a child row: a foreign key constraint fails (`cinema`.`order`, CONSTRAINT `order_ibfk_2` FOREIGN KEY (`schedul_id`) REFERENCES `schedule` (`sid`) ON DELETE RESTRICT ON UPDATE RESTRICT)" type="org.apache.ibatis.exceptions.PersistenceException">org.apache.ibatis.exceptions.PersistenceException: 
### Error updating database.  Cause: java.sql.SQLIntegrityConstraintViolationException: Cannot add or update a child row: a foreign key constraint fails (`cinema`.`order`, CONSTRAINT `order_ibfk_2` FOREIGN KEY (`schedul_id`) REFERENCES `schedule` (`sid`) ON DELETE RESTRICT ON UPDATE RESTRICT)
### The error may exist in com/yang/dao/OrderDao.xml
### The error may involve defaultParameterMap
### The error occurred while setting parameters
### SQL: insert into  `order`(order_id,user_id,schedul_id,buying_time)         values (?,?,?,?)
### Cause: java.sql.SQLIntegrityConstraintViolationException: Cannot add or update a child row: a foreign key constraint fails (`cinema`.`order`, CONSTRAINT `order_ibfk_2` FOREIGN KEY (`schedul_id`) REFERENCES `schedule` (`sid`) ON DELETE RESTRICT ON UPDATE RESTRICT)
	at org.apache.ibatis.exceptions.ExceptionFactory.wrapException(ExceptionFactory.java:30)
	at org.apache.ibatis.session.defaults.DefaultSqlSession.update(DefaultSqlSession.java:199)
	at org.apache.ibatis.session.defaults.DefaultSqlSession.insert(DefaultSqlSession.java:184)
	at org.apache.ibatis.binding.MapperMethod.execute(MapperMethod.java:62)
	at org.apache.ibatis.binding.MapperProxy.invoke(MapperProxy.java:58)
	at com.sun.proxy.$Proxy10.addOrder(Unknown Source)
	at com.yang.SchedulTest.buySchedule(SchedulTest.java:49)
	at java.base/jdk.internal.reflect.NativeMethodAccessorImpl.invoke0(Native Method)
	at java.base/jdk.internal.reflect.NativeMethodAccessorImpl.invoke(NativeMethodAccessorImpl.java:62)
	at java.base/jdk.internal.reflect.DelegatingMethodAccessorImpl.invoke(DelegatingMethodAccessorImpl.java:43)
	at java.base/java.lang.reflect.Method.invoke(Method.java:566)
	at org.junit.runners.model.FrameworkMethod$1.runReflectiveCall(FrameworkMethod.java:47)
	at org.junit.internal.runners.model.ReflectiveCallable.run(ReflectiveCallable.java:12)
	at org.junit.runners.model.FrameworkMethod.invokeExplosively(FrameworkMethod.java:44)
	at org.junit.internal.runners.statements.InvokeMethod.evaluate(InvokeMethod.java:17)
	at org.junit.runners.ParentRunner.runLeaf(ParentRunner.java:271)
	at org.junit.runners.BlockJUnit4ClassRunner.runChild(BlockJUnit4ClassRunner.java:70)
	at org.junit.runners.BlockJUnit4ClassRunner.runChild(BlockJUnit4ClassRunner.java:50)
	at org.junit.runners.ParentRunner$3.run(ParentRunner.java:238)
	at org.junit.runners.ParentRunner$1.schedule(ParentRunner.java:63)
	at org.junit.runners.ParentRunner.runChildren(ParentRunner.java:236)
	at org.junit.runners.ParentRunner.access$000(ParentRunner.java:53)
	at org.junit.runners.ParentRunner$2.evaluate(ParentRunner.java:229)
	at org.junit.runners.ParentRunner.run(ParentRunner.java:309)
	at org.apache.maven.surefire.junit4.JUnit4Provider.execute(JUnit4Provider.java:252)
	at org.apache.maven.surefire.junit4.JUnit4Provider.executeTestSet(JUnit4Provider.java:141)
	at org.apache.maven.surefire.junit4.JUnit4Provider.invoke(JUnit4Provider.java:112)
	at java.base/jdk.internal.reflect.NativeMethodAccessorImpl.invoke0(Native Method)
	at java.base/jdk.internal.reflect.NativeMethodAccessorImpl.invoke(NativeMethodAccessorImpl.java:62)
	at java.base/jdk.internal.reflect.DelegatingMethodAccessorImpl.invoke(DelegatingMethodAccessorImpl.java:43)
	at java.base/java.lang.reflect.Method.invoke(Method.java:566)
	at org.apache.maven.surefire.util.ReflectionUtils.invokeMethodWithArray(ReflectionUtils.java:189)
	at org.apache.maven.surefire.booter.ProviderFactory$ProviderProxy.invoke(ProviderFactory.java:165)
	at org.apache.maven.surefire.booter.ProviderFactory.invokeProvider(ProviderFactory.java:85)
	at org.apache.maven.surefire.booter.ForkedBooter.runSuitesInProcess(ForkedBooter.java:115)
	at org.apache.maven.surefire.booter.ForkedBooter.main(ForkedBooter.java:75)
Caused by: java.sql.SQLIntegrityConstraintViolationException: Cannot add or update a child row: a foreign key constraint fails (`cinema`.`order`, CONSTRAINT `order_ibfk_2` FOREIGN KEY (`schedul_id`) REFERENCES `schedule` (`sid`) ON DELETE RESTRICT ON UPDATE RESTRICT)
	at com.mysql.cj.jdbc.exceptions.SQLError.createSQLException(SQLError.java:117)
	at com.mysql.cj.jdbc.exceptions.SQLExceptionsMapping.translateException(SQLExceptionsMapping.java:122)
	at com.mysql.cj.jdbc.ClientPreparedStatement.executeInternal(ClientPreparedStatement.java:953)
	at com.mysql.cj.jdbc.ClientPreparedStatement.execute(ClientPreparedStatement.java:370)
	at java.base/jdk.internal.reflect.NativeMethodAccessorImpl.invoke0(Native Method)
	at java.base/jdk.internal.reflect.NativeMethodAccessorImpl.invoke(NativeMethodAccessorImpl.java:62)
	at java.base/jdk.internal.reflect.DelegatingMethodAccessorImpl.invoke(DelegatingMethodAccessorImpl.java:43)
	at java.base/java.lang.reflect.Method.invoke(Method.java:566)
	at org.apache.ibatis.logging.jdbc.PreparedStatementLogger.invoke(PreparedStatementLogger.java:59)
	at com.sun.proxy.$Proxy7.execute(Unknown Source)
	at org.apache.ibatis.executor.statement.PreparedStatementHandler.update(PreparedStatementHandler.java:47)
	at org.apache.ibatis.executor.statement.RoutingStatementHandler.update(RoutingStatementHandler.java:74)
	at org.apache.ibatis.executor.SimpleExecutor.doUpdate(SimpleExecutor.java:50)
	at org.apache.ibatis.executor.BaseExecutor.update(BaseExecutor.java:117)
	at org.apache.ibatis.executor.CachingExecutor.update(CachingExecutor.java:76)
	at org.apache.ibatis.session.defaults.DefaultSqlSession.update(DefaultSqlSession.java:197)
	... 34 more
</error>
    <system-out>Opening JDBC Connection
Created connection 567852222.
Setting autocommit to false on JDBC Connection [com.mysql.cj.jdbc.ConnectionImpl@21d8bcbe]
==&gt;  Preparing: update schedule set sstock=sstock-1 where sid = ? 
==&gt; Parameters: 6001(Integer)
&lt;==    Updates: 0
==&gt;  Preparing: select * from user where uname =? 
==&gt; Parameters: ����(String)
&lt;==    Columns: Uid, Uname, Uphone
&lt;==        Row: 5008, ����, 17633505913
&lt;==      Total: 1
==&gt;  Preparing: insert into `order`(order_id,user_id,schedul_id,buying_time) values (?,?,?,?) 
==&gt; Parameters: 0(Integer), 5008(Integer), 6001(Integer), 2021-07-13 21:14:22.688(Timestamp)
</system-out>
  </testcase>
  <testcase classname="com.yang.SchedulTest" name="schedulTest" time="0.061">
    <error message="
### Error updating database.  Cause: java.sql.SQLIntegrityConstraintViolationException: Cannot add or update a child row: a foreign key constraint fails (`cinema`.`schedule`, CONSTRAINT `fid` FOREIGN KEY (`fid`) REFERENCES `film` (`Fid`) ON DELETE RESTRICT ON UPDATE RESTRICT)
### The error may exist in com/yang/dao/SchedulDao.xml
### The error may involve defaultParameterMap
### The error occurred while setting parameters
### SQL: insert into schedule(sname,fid,stime,sstock) values(?,?,?,?)
### Cause: java.sql.SQLIntegrityConstraintViolationException: Cannot add or update a child row: a foreign key constraint fails (`cinema`.`schedule`, CONSTRAINT `fid` FOREIGN KEY (`fid`) REFERENCES `film` (`Fid`) ON DELETE RESTRICT ON UPDATE RESTRICT)" type="org.apache.ibatis.exceptions.PersistenceException">org.apache.ibatis.exceptions.PersistenceException: 
### Error updating database.  Cause: java.sql.SQLIntegrityConstraintViolationException: Cannot add or update a child row: a foreign key constraint fails (`cinema`.`schedule`, CONSTRAINT `fid` FOREIGN KEY (`fid`) REFERENCES `film` (`Fid`) ON DELETE RESTRICT ON UPDATE RESTRICT)
### The error may exist in com/yang/dao/SchedulDao.xml
### The error may involve defaultParameterMap
### The error occurred while setting parameters
### SQL: insert into schedule(sname,fid,stime,sstock) values(?,?,?,?)
### Cause: java.sql.SQLIntegrityConstraintViolationException: Cannot add or update a child row: a foreign key constraint fails (`cinema`.`schedule`, CONSTRAINT `fid` FOREIGN KEY (`fid`) REFERENCES `film` (`Fid`) ON DELETE RESTRICT ON UPDATE RESTRICT)
	at org.apache.ibatis.exceptions.ExceptionFactory.wrapException(ExceptionFactory.java:30)
	at org.apache.ibatis.session.defaults.DefaultSqlSession.update(DefaultSqlSession.java:199)
	at org.apache.ibatis.session.defaults.DefaultSqlSession.insert(DefaultSqlSession.java:184)
	at org.apache.ibatis.binding.MapperMethod.execute(MapperMethod.java:62)
	at org.apache.ibatis.binding.MapperProxy.invoke(MapperProxy.java:58)
	at com.sun.proxy.$Proxy11.addSchedul(Unknown Source)
	at com.yang.SchedulTest.schedulTest(SchedulTest.java:28)
	at java.base/jdk.internal.reflect.NativeMethodAccessorImpl.invoke0(Native Method)
	at java.base/jdk.internal.reflect.NativeMethodAccessorImpl.invoke(NativeMethodAccessorImpl.java:62)
	at java.base/jdk.internal.reflect.DelegatingMethodAccessorImpl.invoke(DelegatingMethodAccessorImpl.java:43)
	at java.base/java.lang.reflect.Method.invoke(Method.java:566)
	at org.junit.runners.model.FrameworkMethod$1.runReflectiveCall(FrameworkMethod.java:47)
	at org.junit.internal.runners.model.ReflectiveCallable.run(ReflectiveCallable.java:12)
	at org.junit.runners.model.FrameworkMethod.invokeExplosively(FrameworkMethod.java:44)
	at org.junit.internal.runners.statements.InvokeMethod.evaluate(InvokeMethod.java:17)
	at org.junit.runners.ParentRunner.runLeaf(ParentRunner.java:271)
	at org.junit.runners.BlockJUnit4ClassRunner.runChild(BlockJUnit4ClassRunner.java:70)
	at org.junit.runners.BlockJUnit4ClassRunner.runChild(BlockJUnit4ClassRunner.java:50)
	at org.junit.runners.ParentRunner$3.run(ParentRunner.java:238)
	at org.junit.runners.ParentRunner$1.schedule(ParentRunner.java:63)
	at org.junit.runners.ParentRunner.runChildren(ParentRunner.java:236)
	at org.junit.runners.ParentRunner.access$000(ParentRunner.java:53)
	at org.junit.runners.ParentRunner$2.evaluate(ParentRunner.java:229)
	at org.junit.runners.ParentRunner.run(ParentRunner.java:309)
	at org.apache.maven.surefire.junit4.JUnit4Provider.execute(JUnit4Provider.java:252)
	at org.apache.maven.surefire.junit4.JUnit4Provider.executeTestSet(JUnit4Provider.java:141)
	at org.apache.maven.surefire.junit4.JUnit4Provider.invoke(JUnit4Provider.java:112)
	at java.base/jdk.internal.reflect.NativeMethodAccessorImpl.invoke0(Native Method)
	at java.base/jdk.internal.reflect.NativeMethodAccessorImpl.invoke(NativeMethodAccessorImpl.java:62)
	at java.base/jdk.internal.reflect.DelegatingMethodAccessorImpl.invoke(DelegatingMethodAccessorImpl.java:43)
	at java.base/java.lang.reflect.Method.invoke(Method.java:566)
	at org.apache.maven.surefire.util.ReflectionUtils.invokeMethodWithArray(ReflectionUtils.java:189)
	at org.apache.maven.surefire.booter.ProviderFactory$ProviderProxy.invoke(ProviderFactory.java:165)
	at org.apache.maven.surefire.booter.ProviderFactory.invokeProvider(ProviderFactory.java:85)
	at org.apache.maven.surefire.booter.ForkedBooter.runSuitesInProcess(ForkedBooter.java:115)
	at org.apache.maven.surefire.booter.ForkedBooter.main(ForkedBooter.java:75)
Caused by: java.sql.SQLIntegrityConstraintViolationException: Cannot add or update a child row: a foreign key constraint fails (`cinema`.`schedule`, CONSTRAINT `fid` FOREIGN KEY (`fid`) REFERENCES `film` (`Fid`) ON DELETE RESTRICT ON UPDATE RESTRICT)
	at com.mysql.cj.jdbc.exceptions.SQLError.createSQLException(SQLError.java:117)
	at com.mysql.cj.jdbc.exceptions.SQLExceptionsMapping.translateException(SQLExceptionsMapping.java:122)
	at com.mysql.cj.jdbc.ClientPreparedStatement.executeInternal(ClientPreparedStatement.java:953)
	at com.mysql.cj.jdbc.ClientPreparedStatement.execute(ClientPreparedStatement.java:370)
	at java.base/jdk.internal.reflect.NativeMethodAccessorImpl.invoke0(Native Method)
	at java.base/jdk.internal.reflect.NativeMethodAccessorImpl.invoke(NativeMethodAccessorImpl.java:62)
	at java.base/jdk.internal.reflect.DelegatingMethodAccessorImpl.invoke(DelegatingMethodAccessorImpl.java:43)
	at java.base/java.lang.reflect.Method.invoke(Method.java:566)
	at org.apache.ibatis.logging.jdbc.PreparedStatementLogger.invoke(PreparedStatementLogger.java:59)
	at com.sun.proxy.$Proxy7.execute(Unknown Source)
	at org.apache.ibatis.executor.statement.PreparedStatementHandler.update(PreparedStatementHandler.java:47)
	at org.apache.ibatis.executor.statement.RoutingStatementHandler.update(RoutingStatementHandler.java:74)
	at org.apache.ibatis.executor.SimpleExecutor.doUpdate(SimpleExecutor.java:50)
	at org.apache.ibatis.executor.BaseExecutor.update(BaseExecutor.java:117)
	at org.apache.ibatis.executor.CachingExecutor.update(CachingExecutor.java:76)
	at org.apache.ibatis.session.defaults.DefaultSqlSession.update(DefaultSqlSession.java:197)
	... 34 more
</error>
    <system-out>Opening JDBC Connection
Created connection 1068445309.
Setting autocommit to false on JDBC Connection [com.mysql.cj.jdbc.ConnectionImpl@3faf2e7d]
==&gt;  Preparing: select * from schedul_infor 
==&gt; Parameters: 
&lt;==    Columns: sid, sname, Fname, Ftype, Fduration, stime, sstock
&lt;==        Row: 6002, 2D-3����, ս��2, ����, 145����, 2021-07-23 18:39:00, 27
&lt;==        Row: 6003, IMAX4D-6����, �����ӳ�, �ƻ�, 120����, 2021-07-04 18:56:00, 49
&lt;==        Row: 6004, �ű�����Ч��Ļ2����, ��1921��, ս��, 100����, 2021-07-02 19:44:00, 56
&lt;==        Row: 6011, ͼ���2�ű�����, ������ҵ, ս��, 110����, 2021-07-22 10:35:23, 146
&lt;==        Row: 6013, ͼ���1�ű�����, �й�ҽ��, ����, 150����, 2021-09-01 11:20:27, 298
&lt;==        Row: 6019, 2D-3����, �Ҳ���ҩ��, ����, 110����, 2021-07-22 10:07:40, 60
&lt;==        Row: 6020, ͼ���1�ű�����, ������ҵ, ս��, 110����, 2021-07-29 14:34:24, 300
&lt;==      Total: 7
Schedul{sid=6002, sName=&apos;2D-3����&apos;, fName=&apos;ս��2&apos;, fType=&apos;����&apos;, fDuration=&apos;145����&apos;, sTime=Fri Jul 23 18:39:00 CST 2021, sStock=27}
Schedul{sid=6003, sName=&apos;IMAX4D-6����&apos;, fName=&apos;�����ӳ�&apos;, fType=&apos;�ƻ�&apos;, fDuration=&apos;120����&apos;, sTime=Sun Jul 04 18:56:00 CST 2021, sStock=49}
Schedul{sid=6004, sName=&apos;�ű�����Ч��Ļ2����&apos;, fName=&apos;��1921��&apos;, fType=&apos;ս��&apos;, fDuration=&apos;100����&apos;, sTime=Fri Jul 02 19:44:00 CST 2021, sStock=56}
Schedul{sid=6011, sName=&apos;ͼ���2�ű�����&apos;, fName=&apos;������ҵ&apos;, fType=&apos;ս��&apos;, fDuration=&apos;110����&apos;, sTime=Thu Jul 22 10:35:23 CST 2021, sStock=146}
Schedul{sid=6013, sName=&apos;ͼ���1�ű�����&apos;, fName=&apos;�й�ҽ��&apos;, fType=&apos;����&apos;, fDuration=&apos;150����&apos;, sTime=Wed Sep 01 11:20:27 CST 2021, sStock=298}
Schedul{sid=6019, sName=&apos;2D-3����&apos;, fName=&apos;�Ҳ���ҩ��&apos;, fType=&apos;����&apos;, fDuration=&apos;110����&apos;, sTime=Thu Jul 22 10:07:40 CST 2021, sStock=60}
Schedul{sid=6020, sName=&apos;ͼ���1�ű�����&apos;, fName=&apos;������ҵ&apos;, fType=&apos;ս��&apos;, fDuration=&apos;110����&apos;, sTime=Thu Jul 29 14:34:24 CST 2021, sStock=300}
==&gt;  Preparing: insert into schedule(sname,fid,stime,sstock) values(?,?,?,?) 
==&gt; Parameters: IMAX3D-1����(String), 11107(Integer), 2021-07-13 21:14:22.756(Timestamp), 60(Integer)
</system-out>
  </testcase>
</testsuite>